<?xml version="1.0" encoding="UTF-8"?>
<testng-results ignored="0" total="2" passed="2" failed="0" skipped="0">
  <reporter-output>
  </reporter-output>
  <suite started-at="2023-12-17T15:06:38 IST" name="Default suite" finished-at="2023-12-17T15:06:47 IST" duration-ms="9073">
    <groups>
    </groups>
    <test started-at="2023-12-17T15:06:38 IST" name="Default test" finished-at="2023-12-17T15:06:47 IST" duration-ms="9073">
      <class name="DataProvider.DataProvider1">
        <test-method signature="login([Ljava.lang.String;)[pri:0, instance:DataProvider.DataProvider1@3e92efc3]" started-at="2023-12-17T15:06:38 IST" name="login" data-provider="datasender" finished-at="2023-12-17T15:06:43 IST" duration-ms="5594" status="PASS">
          <params>
            <param index="0">
              <value>
                <![CDATA[[Ljava.lang.String;@614aeccc]]>
              </value>
            </param>
          </params>
          <reporter-output>
          </reporter-output>
        </test-method> <!-- login -->
        <test-method signature="login([Ljava.lang.String;)[pri:0, instance:DataProvider.DataProvider1@3e92efc3]" started-at="2023-12-17T15:06:43 IST" name="login" data-provider="datasender" finished-at="2023-12-17T15:06:47 IST" duration-ms="3440" status="PASS">
          <params>
            <param index="0">
              <value>
                <![CDATA[[Ljava.lang.String;@5116ac09]]>
              </value>
            </param>
          </params>
          <reporter-output>
          </reporter-output>
        </test-method> <!-- login -->
      </class> <!-- DataProvider.DataProvider1 -->
    </test> <!-- Default test -->
  </suite> <!-- Default suite -->
</testng-results>
